[Mon Apr 20 16:05:44 CST 2026] KFM service.sh: boot cleanup done
[2026-04-20 16:19:20] spawn: launching com.zhiliaoapp.musically with zymbiote hook
[2026-04-20 16:20:52] spawn: launching com.zhiliaoapp.musically with zymbiote hook
[2026-04-20 16:22:24] spawn: launching com.zhiliaoapp.musically with zymbiote hook
[2026-04-20 16:24:02] spawn: launching com.zhiliaoapp.musically with zymbiote hook
[2026-04-20 16:26:05] inject: attaching to com.zhiliaoapp.musically (PID 13278) with /data/adb/kfm/scripts/hello.js
[2026-04-20 16:28:14] spawn: launching com.zhiliaoapp.musically with zymbiote hook
[2026-04-20 16:31:03] spawn: launching com.zhiliaoapp.musically with zymbiote hook
[2026-04-20 16:35:25] spawn: launching com.zhiliaoapp.musically with zymbiote hook
[2026-04-20 16:36:23] spawn: launching com.zhiliaoapp.musically with zymbiote hook
[2026-04-20 16:39:28] spawn: launching com.zhiliaoapp.musically with zymbiote hook
[2026-04-20 16:42:43] spawn: launching com.zhiliaoapp.musically with zymbiote hook
[2026-04-20 16:51:50] spawn: launching com.airbnb.android with zymbiote hook
[2026-04-20 16:54:53] spawn: launching com.zhiliaoapp.musically with zymbiote hook
[2026-04-20 16:56:56] stealth: mode set to wxshadow
[2026-04-20 18:02:32] spawn: launching com.zhiliaoapp.musically with zymbiote hook
[2026-04-20 18:04:58] spawn: launching com.zhiliaoapp.musically with zymbiote hook
[2026-04-20 18:06:17] spawn: launching com.airbnb.android with zymbiote hook
[2026-04-20 18:18:35] spawn: launching com.airbnb.android with zymbiote hook
[2026-04-20 18:19:01] spawn: launching com.airbnb.android with zymbiote hook
[2026-04-20 18:19:21] spawn: launching com.airbnb.android with zymbiote hook
[2026-04-20 18:20:27] spawn: launching com.airbnb.android with zymbiote hook
[2026-04-20 19:39:11] inject: attaching to com.airbnb.android (PID 12004) with /sdcard/hook.js
[2026-04-20 19:42:43] inject: attaching to com.airbnb.android (PID 12004) with /sdcard/hook.js
[2026-04-20 19:43:46] spawn: launching com.airbnb.android with zymbiote hook
[2026-04-20 19:44:18] spawn: launching com.airbnb.android with zymbiote hook
[2026-04-20 19:44:49] inject: attaching to com.airbnb.android (PID 13749) with /sdcard/hook.js
[2026-04-20 19:47:42] spawn: launching com.airbnb.android with zymbiote hook
[2026-04-20 19:48:06] inject: attaching to com.airbnb.android (PID 15276) with /sdcard/hook.js
[2026-04-20 19:48:26] inject: attaching to com.airbnb.android (PID 15371) with /sdcard/hook.js
[2026-04-20 19:51:13] spawn: launching com.airbnb.android with zymbiote hook
[2026-04-20 19:51:38] inject: attaching to com.airbnb.android (PID 17721) with /sdcard/hook.js
[2026-04-20 19:53:42] spawn: launching com.airbnb.android with zymbiote hook
[2026-04-20 19:54:11] inject: attaching to com.airbnb.android (PID 18305) with /sdcard/hook.js
[2026-04-20 20:30:10] inject: attaching to com.airbnb.android (PID 18305) with /sdcard/hook.js
[2026-04-20 20:32:29] spawn: launching com.zhiliaoapp.musically with zymbiote hook
[2026-04-20 20:49:23] inject: attaching to com.airbnb.android (PID 27596) with /sdcard/hook.js
[2026-04-20 20:50:13] inject: attaching to com.airbnb.android (PID 27596) with /sdcard/hook.js
[Mon Apr 20 20:55:35 CST 2026] KFM service.sh: boot cleanup done
[2026-04-20 21:40:29] inject: attaching to com.airbnb.android (PID 9808) with /sdcard/hook.js
[2026-04-20 21:43:14] inject: attaching to com.airbnb.android (PID 14215) with /sdcard/hook.js
[2026-04-20 21:49:15] inject: attaching to com.zhiliaoapp.musically (PID 15740) with /sdcard/hook2.js
[2026-04-20 21:49:34] inject: attaching to com.zhiliaoapp.musically (PID 16844) with /sdcard/hook2.js
[2026-04-20 21:50:18] spawn: launching com.zhiliaoapp.musically with zymbiote hook
[2026-04-20 21:55:40] inject: attaching to com.zhiliaoapp.musically (PID 18587) with /sdcard/hook2.js
[2026-04-20 21:58:12] inject: attaching to com.zhiliaoapp.musically (PID 18587) with /sdcard/hook2.js
[2026-04-20 22:00:02] inject: attaching to com.zhiliaoapp.musically (PID 19694) with /sdcard/hook2.js
[Tue Apr 21 10:01:37 CST 2026] KFM service.sh: boot cleanup done
[2026-04-21 10:22:56] inject: attaching to com.zhiliaoapp.musically (PID 13243) with /sdcard/hook2.js
[2026-04-21 10:30:29] inject: attaching to com.zhiliaoapp.musically (PID 14997) with /sdcard/hook2.js
[2026-04-21 10:30:47] inject: attaching to com.zhiliaoapp.musically (PID 15705) with /sdcard/hook2.js
[2026-04-21 10:34:19] inject: attaching to com.zhiliaoapp.musically (PID 16477) with /sdcard/hook2.js
[2026-04-21 10:37:33] inject: attaching to com.airbnb.android (PID 16495) with /sdcard/hook.js
[Tue Apr 21 10:42:32 CST 2026] KFM service.sh: boot cleanup done
[Tue Apr 21 10:47:07 CST 2026] KFM service.sh: boot cleanup done
[2026-04-21 11:09:57] spawn: launching com.grabtaxi.passenger with zymbiote hook
[2026-04-21 11:09:57] spawn: combined 2 scripts into /data/adb/kfm/run/_combined.js
[2026-04-21 11:10:26] spawn: launching com.grabtaxi.passenger with zymbiote hook
[2026-04-21 11:10:27] spawn: combined 2 scripts into /data/adb/kfm/run/_combined.js
[2026-04-21 11:11:06] inject: combined 2 scripts into /data/adb/kfm/run/_combined.js
[2026-04-21 11:11:06] inject: attaching to com.grabtaxi.passenger (PID 16403) with 2 script(s)
[2026-04-21 11:11:55] inject: combined 2 scripts into /data/adb/kfm/run/_combined.js
[2026-04-21 11:11:55] inject: attaching to com.grabtaxi.passenger (PID 16688) with 2 script(s)
[2026-04-21 11:16:18] inject: attaching to com.grabtaxi.passenger (PID 17549) with 1 script(s)
[2026-04-21 11:16:49] inject: attaching to com.grabtaxi.passenger (PID 18386) with 1 script(s)
[2026-04-21 11:23:19] inject: combined 2 scripts into /data/adb/kfm/run/_combined.js
[2026-04-21 11:23:19] inject: attaching to com.grabtaxi.passenger (PID 19411) with 2 script(s)
[2026-04-21 11:24:37] spawn: launching com.grabtaxi.passenger with zymbiote hook
[2026-04-21 11:24:37] spawn: combined 2 scripts into /data/adb/kfm/run/_combined.js
[2026-04-21 11:27:25] spawn: launching com.grabtaxi.passenger with zymbiote hook
[2026-04-21 11:27:26] spawn: combined 2 scripts into /data/adb/kfm/run/_combined.js
[2026-04-21 11:31:40] spawn: launching com.grabtaxi.passenger with zymbiote hook
[2026-04-21 11:31:40] spawn: combined 2 scripts into /data/adb/kfm/run/_combined.js
[2026-04-21 11:34:40] inject: attaching to com.grabtaxi.passenger (PID 22841) with 1 script(s)
[2026-04-21 11:35:03] spawn: launching com.grabtaxi.passenger with zymbiote hook
[2026-04-21 11:37:48] inject: attaching to com.grabtaxi.passenger (PID 23696) with 1 script(s)
[2026-04-21 11:58:13] inject: attaching to com.grabtaxi.passenger (PID 26335) with 1 script(s)
[2026-04-21 12:00:17] inject: attaching to com.grabtaxi.passenger (PID 28007) with 1 script(s)
[2026-04-21 13:30:15] inject: attaching to com.grabtaxi.passenger (PID 28007) with 1 script(s)
[2026-04-21 13:30:25] spawn: launching com.grabtaxi.passenger with zymbiote hook
[2026-04-21 13:30:57] spawn: launching com.grabtaxi.passenger with zymbiote hook
[2026-04-21 13:33:23] spawn: launching com.grabtaxi.passenger with zymbiote hook
[2026-04-21 13:33:39] inject: attaching to com.grabtaxi.passenger (PID 4763) with 1 script(s)
[2026-04-21 13:33:48] inject: attaching to com.grabtaxi.passenger (PID 5334) with 1 script(s)
[2026-04-21 13:41:30] inject: attaching to com.grabtaxi.passenger (PID 5718) with 1 script(s)
[2026-04-21 13:43:00] inject: attaching to com.grabtaxi.passenger (PID 7333) with 1 script(s)
[2026-04-21 14:07:49] inject: attaching to com.zhiliaoapp.musically (PID 11660) with 1 script(s)
[2026-04-21 14:08:18] inject: attaching to com.zhiliaoapp.musically (PID 12799) with 1 script(s)
[Tue Apr 21 16:38:09 CST 2026] KFM service.sh: boot cleanup done
[2026-04-21 16:38:42] inject: attaching to com.airbnb.android (PID 8254) with 1 script(s)
[Tue Apr 21 18:28:38 CST 2026] KFM service.sh: boot cleanup done
